
ROM used:   136/8192 (2%)
            136/8192 (2%) including unused fragments

            0.2 Average locations per line
            5.0 Average locations per statement

RAM used:   10/368 (3%) at main() level
            10/368 (3%) worst case

Stack used: 1 worst case (1 in main + 0 for interrupts)
Stack size: 8

Lines Stmts  %   Files
----- ----- ---  -----
   41    27 100  main.c
   10     0   0  main.h
  672     0   0  ..\..\..\..\Program Files (x86)\PICC\Devices\16F877A.h
----- -----
  723    27 Total

Page ROM  %  RAM    Vol Diff  Functions:
---- --- --- ---    --- ----  ----------
0     22  16    1             @delay_ms1
0      7   5    0             @const621
0    103  76    3    717  5.3  main
 Inline         0             @cinit1

Program metrics:
    Functions               1
    Statements              27
    Comments                124
    Volume (V)              724
    Difficulty (D)          5.0
    Effort to implement (E) 3635
    Time to implement (T)   3 minutes
    Est Delivered Bugs (B)  0
    Cyclomatic Complexity   7
    Maintainability (MI)    32

 Segment     Used  Free
-----------  ----  ----
00000-00003     4  0  
00004-007FF   132  1912  
00800-00FFF     0  2048  
01000-017FF     0  2048  
01800-01FFF     0  2048  



